<?xml version="1.0" encoding="UTF-8"?>
<testsuite xmlns:xsi="http://www.w3.org/2001/XMLSchema-instance" xsi:noNamespaceSchemaLocation="https://maven.apache.org/surefire/maven-surefire-plugin/xsd/surefire-test-report-3.0.xsd" version="3.0" name="com.example.orderinventory.service.OrderServiceTest" time="4.545" tests="4" errors="0" skipped="0" failures="0">
  <properties>
[...]
</properties>
  <testcase name="createOrder_savesAndReturnsDto" classname="com.example.orderinventory.service.OrderServiceTest" time="4.478">
    <system-err><![CDATA[WARNING: A Java agent has been loaded dynamically (C:\LocalRepository\net\bytebuddy\byte-buddy-agent\1.14.10\byte-buddy-agent-1.14.10.jar)
WARNING: If a serviceability tool is in use, please run with -XX:+EnableDynamicAgentLoading to hide this warning
WARNING: If a serviceability tool is not in use, please run with -Djdk.instrument.traceUsage for more information
WARNING: Dynamic loading of agents will be disallowed by default in a future release
]]></system-err>
  </testcase>
  <testcase name="getOrderById_returnsDto" classname="com.example.orderinventory.service.OrderServiceTest" time="0.023"/>
  <testcase name="deleteOrder_withPrimitiveLong_callsRepository" classname="com.example.orderinventory.service.OrderServiceTest" time="0.009"/>
  <testcase name="updateOrder_withPrimitiveLong_overloadWorks" classname="com.example.orderinventory.service.OrderServiceTest" time="0.014"/>
</testsuite>